<?xml version="1.0" encoding="UTF-8"?>
<!-- Generated by org.testng.reporters.JUnitReportReporter -->
<testsuite hostname="LAPTOP-GB18RDD5" failures="0" tests="2" name="TestNgBasic.CreatingDependencies" time="1.023" errors="1" timestamp="2024-07-29T12:36:16 IST" skipped="1">
  <testcase classname="TestNgBasic.CreatingDependencies" name="deleteAccount" time="0.001">
    <skipped/>
  </testcase> <!-- deleteAccount -->
  <testcase classname="TestNgBasic.CreatingDependencies" name="createAccount" time="1.022">
    <error message="Method TestNgBasic.CreatingDependencies.createAccount() didn&#039;t finish within the time-out 1000" type="org.testng.internal.thread.ThreadTimeoutException">
      <![CDATA[org.testng.internal.thread.ThreadTimeoutException: Method TestNgBasic.CreatingDependencies.createAccount() didn't finish within the time-out 1000
at java.base@18.0.2/java.lang.Thread.sleep(Native Method)
at app//org.openqa.selenium.os.OsProcess$SeleniumWatchDog.waitForProcessStarted(OsProcess.java:251)
at app//org.openqa.selenium.os.OsProcess$SeleniumWatchDog.access$000(OsProcess.java:227)
at app//org.openqa.selenium.os.OsProcess.waitForProcessStarted(OsProcess.java:111)
at app//org.openqa.selenium.os.CommandLine.waitForProcessStarted(CommandLine.java:103)
at app//org.openqa.selenium.remote.service.DriverService.start(DriverService.java:202)
at app//org.openqa.selenium.remote.service.DriverCommandExecutor.execute(DriverCommandExecutor.java:119)
at app//org.openqa.selenium.remote.RemoteWebDriver.execute(RemoteWebDriver.java:602)
at app//org.openqa.selenium.remote.RemoteWebDriver.startSession(RemoteWebDriver.java:236)
at app//org.openqa.selenium.remote.RemoteWebDriver.<init>(RemoteWebDriver.java:163)
at app//org.openqa.selenium.chromium.ChromiumDriver.<init>(ChromiumDriver.java:108)
at app//org.openqa.selenium.chrome.ChromeDriver.<init>(ChromeDriver.java:88)
at app//org.openqa.selenium.chrome.ChromeDriver.<init>(ChromeDriver.java:83)
at app//org.openqa.selenium.chrome.ChromeDriver.<init>(ChromeDriver.java:51)
at app//TestNgBasic.CreatingDependencies.createAccount(CreatingDependencies.java:13)
at java.base@18.0.2/java.lang.invoke.LambdaForm$DMH/0x0000000100198400.invokeVirtual(LambdaForm$DMH)
at java.base@18.0.2/java.lang.invoke.LambdaForm$MH/0x0000000100198c00.invoke(LambdaForm$MH)
at java.base@18.0.2/java.lang.invoke.Invokers$Holder.invokeExact_MT(Invokers$Holder)
at java.base@18.0.2/jdk.internal.reflect.DirectMethodHandleAccessor.invokeImpl(DirectMethodHandleAccessor.java:154)
at java.base@18.0.2/jdk.internal.reflect.DirectMethodHandleAccessor.invoke(DirectMethodHandleAccessor.java:104)
at java.base@18.0.2/java.lang.reflect.Method.invoke(Method.java:577)
at app//org.testng.internal.invokers.MethodInvocationHelper.invokeMethod(MethodInvocationHelper.java:139)
at app//org.testng.internal.invokers.InvokeMethodRunnable.runOne(InvokeMethodRunnable.java:47)
at app//org.testng.internal.invokers.InvokeMethodRunnable.call(InvokeMethodRunnable.java:76)
at app//org.testng.internal.invokers.InvokeMethodRunnable.call(InvokeMethodRunnable.java:11)
at java.base@18.0.2/java.util.concurrent.FutureTask.run(FutureTask.java:264)
at java.base@18.0.2/java.util.concurrent.ThreadPoolExecutor.runWorker(ThreadPoolExecutor.java:1136)
at java.base@18.0.2/java.util.concurrent.ThreadPoolExecutor$Worker.run(ThreadPoolExecutor.java:635)
at java.base@18.0.2/java.lang.Thread.run(Thread.java:833)
]]>
    </error>
  </testcase> <!-- createAccount -->
</testsuite> <!-- TestNgBasic.CreatingDependencies -->
